[0.338s] Invoking command in '/root/research-1/build/mymsg': CMAKE_PREFIX_PATH=${CMAKE_PREFIX_PATH}:/root/Pose_waypointmaker/install/tf2_pifpaf:/root/Pose_waypointmaker/install/ros2_pifpaf:/root/Pose_waypointmaker/install/pifpaf_navi:/root/sirius/sirius_ws/install/turtlebot3_teleop:/root/sirius/sirius_ws/install/turtlebot3_example:/opt/ros/foxy /usr/bin/cmake --build /root/research-1/build/mymsg -- -j12 -l12
[0.461s] -- Found ament_cmake: 0.9.11 (/opt/ros/foxy/share/ament_cmake/cmake)
[0.513s] -- Found PythonInterp: /usr/bin/python3 (found suitable version "3.8.10", minimum required is "3") 
[0.513s] -- Using PYTHON_EXECUTABLE: /usr/bin/python3
[0.802s] -- Found geometry_msgs: 2.0.5 (/opt/ros/foxy/share/geometry_msgs/cmake)
[0.852s] -- Using all available rosidl_typesupport_c: rosidl_typesupport_fastrtps_c;rosidl_typesupport_introspection_c
[0.861s] -- Found rosidl_adapter: 1.3.0 (/opt/ros/foxy/share/rosidl_adapter/cmake)
[1.115s] -- Using all available rosidl_typesupport_cpp: rosidl_typesupport_fastrtps_cpp;rosidl_typesupport_introspection_cpp
[1.223s] -- Found rosidl_default_generators: 1.0.1 (/opt/ros/foxy/share/rosidl_default_generators/cmake)
[1.247s] -- Found sensor_msgs: 2.0.5 (/opt/ros/foxy/share/sensor_msgs/cmake)
[1.365s] -- Found visualization_msgs: 2.0.5 (/opt/ros/foxy/share/visualization_msgs/cmake)
[1.540s] -- Found PythonInterp: /usr/bin/python3 (found version "3.8.10") 
[1.911s] CMake Error at /opt/ros/foxy/share/rosidl_adapter/cmake/rosidl_adapt_interfaces.cmake:60 (message):
[1.912s]   execute_process(/usr/bin/python3 -m rosidl_adapter --package-name mymsg
[1.912s]   --arguments-file
[1.912s]   /root/research-1/build/mymsg/rosidl_adapter__arguments__mymsg.json
[1.912s]   --output-dir /root/research-1/build/mymsg/rosidl_adapter/mymsg
[1.912s]   --output-file /root/research-1/build/mymsg/rosidl_adapter/mymsg.idls)
[1.912s]   returned error code 1:
[1.912s] 
[1.913s]   Error processing 'int[] id' of 'mymsg/Poses': ''int' is an invalid message
[1.913s]   name.  It should have the pattern '^[A-Z][A-Za-z0-9]*$''
[1.913s] 
[1.913s]   Traceback (most recent call last):
[1.913s] 
[1.913s]     File "/usr/lib/python3.8/runpy.py", line 194, in _run_module_as_main
[1.913s]       return _run_code(code, main_globals, None,
[1.913s]     File "/usr/lib/python3.8/runpy.py", line 87, in _run_code
[1.914s]       exec(code, run_globals)
[1.914s]     File "/opt/ros/foxy/lib/python3.8/site-packages/rosidl_adapter/__main__.py", line 19, in <module>
[1.914s]       sys.exit(main())
[1.914s]     File "/opt/ros/foxy/lib/python3.8/site-packages/rosidl_adapter/main.py", line 53, in main
[1.914s]       abs_idl_file = convert_to_idl(
[1.914s]     File "/opt/ros/foxy/lib/python3.8/site-packages/rosidl_adapter/__init__.py", line 19, in convert_to_idl
[1.914s]       return convert_msg_to_idl(
[1.915s]     File "/opt/ros/foxy/lib/python3.8/site-packages/rosidl_adapter/msg/__init__.py", line 28, in convert_msg_to_idl
[1.915s]       msg = parse_message_string(package_name, input_file.stem, content)
[1.915s]     File "/opt/ros/foxy/lib/python3.8/site-packages/rosidl_adapter/parser.py", line 516, in parse_message_string
[1.915s]       Type(type_string, context_package_name=pkg_name),
[1.915s]     File "/opt/ros/foxy/lib/python3.8/site-packages/rosidl_adapter/parser.py", line 276, in __init__
[1.915s]       super(Type, self).__init__(
[1.915s]     File "/opt/ros/foxy/lib/python3.8/site-packages/rosidl_adapter/parser.py", line 204, in __init__
[1.915s]       raise InvalidResourceName(
[1.916s] 
[1.916s]   rosidl_adapter.parser.InvalidResourceName: 'int' is an invalid message
[1.916s]   name.  It should have the pattern '^[A-Z][A-Za-z0-9]*$'
[1.916s] 
[1.916s] Call Stack (most recent call first):
[1.916s]   /opt/ros/foxy/share/rosidl_cmake/cmake/rosidl_generate_interfaces.cmake:130 (rosidl_adapt_interfaces)
[1.917s]   CMakeLists.txt:38 (rosidl_generate_interfaces)
[1.917s] 
[1.917s] 
[1.917s] -- Configuring incomplete, errors occurred!
[1.917s] See also "/root/research-1/build/mymsg/CMakeFiles/CMakeOutput.log".
[1.922s] make: *** [Makefile:988: cmake_check_build_system] Error 1
[1.924s] Invoked command in '/root/research-1/build/mymsg' returned '2': CMAKE_PREFIX_PATH=${CMAKE_PREFIX_PATH}:/root/Pose_waypointmaker/install/tf2_pifpaf:/root/Pose_waypointmaker/install/ros2_pifpaf:/root/Pose_waypointmaker/install/pifpaf_navi:/root/sirius/sirius_ws/install/turtlebot3_teleop:/root/sirius/sirius_ws/install/turtlebot3_example:/opt/ros/foxy /usr/bin/cmake --build /root/research-1/build/mymsg -- -j12 -l12
