[0.023s] Invoking command in '/root/research-1/build/mymsg': /usr/bin/cmake --build /root/research-1/build/mymsg -- -j12 -l12
[0.055s] -- Found ament_cmake: 0.9.11 (/opt/ros/foxy/share/ament_cmake/cmake)
[0.083s] -- Found PythonInterp: /usr/bin/python3 (found suitable version "3.8.10", minimum required is "3") 
[0.083s] -- Using PYTHON_EXECUTABLE: /usr/bin/python3
[0.269s] -- Found geometry_msgs: 2.0.5 (/opt/ros/foxy/share/geometry_msgs/cmake)
[0.293s] -- Using all available rosidl_typesupport_c: rosidl_typesupport_fastrtps_c;rosidl_typesupport_introspection_c
[0.296s] -- Found rosidl_adapter: 1.3.0 (/opt/ros/foxy/share/rosidl_adapter/cmake)
[0.461s] -- Using all available rosidl_typesupport_cpp: rosidl_typesupport_fastrtps_cpp;rosidl_typesupport_introspection_cpp
[0.537s] -- Found rosidl_default_generators: 1.0.1 (/opt/ros/foxy/share/rosidl_default_generators/cmake)
[0.549s] -- Found sensor_msgs: 2.0.5 (/opt/ros/foxy/share/sensor_msgs/cmake)
[0.626s] -- Found visualization_msgs: 2.0.5 (/opt/ros/foxy/share/visualization_msgs/cmake)
[0.718s] -- Found PythonInterp: /usr/bin/python3 (found version "3.8.10") 
[0.877s] Error parsing '/root/research-1/src/mymsg/package.xml':
[0.975s] Traceback (most recent call last):
[0.975s]   File "/opt/ros/foxy/share/ament_cmake_core/cmake/core/package_xml_2_cmake.py", line 143, in <module>
[0.975s]     main()
[0.975s]   File "/opt/ros/foxy/share/ament_cmake_core/cmake/core/package_xml_2_cmake.py", line 52, in main
[0.975s]     raise e
[0.975s]   File "/opt/ros/foxy/share/ament_cmake_core/cmake/core/package_xml_2_cmake.py", line 48, in main
[0.975s]     package = parse_package_string(
[0.975s]   File "/usr/lib/python3/dist-packages/catkin_pkg/package.py", line 788, in parse_package_string
[0.975s]     pkg.validate(warnings=warnings)
[0.975s]   File "/usr/lib/python3/dist-packages/catkin_pkg/package.py", line 330, in validate
[0.976s]     raise InvalidPackage('\n'.join(errors), self.filename)
[0.976s] catkin_pkg.package.InvalidPackage: Error(s) in package '/root/research-1/src/mymsg/package.xml':
[0.976s] The package "mymsg" must not "build_depend" on a package with the same name as this package
[0.976s] The package "mymsg" must not "exec_depend" on a package with the same name as this package
[0.992s] CMake Error at /opt/ros/foxy/share/ament_cmake_core/cmake/core/ament_package_xml.cmake:94 (message):
[0.993s]   execute_process(/usr/bin/python3
[0.993s]   /opt/ros/foxy/share/ament_cmake_core/cmake/core/package_xml_2_cmake.py
[0.993s]   /root/research-1/src/mymsg/package.xml
[0.993s]   /root/research-1/build/mymsg/ament_cmake_core/package.cmake) returned error
[0.993s]   code 1
[0.993s] Call Stack (most recent call first):
[0.993s]   /opt/ros/foxy/share/ament_cmake_core/cmake/core/ament_package_xml.cmake:49 (_ament_package_xml)
[0.993s]   /opt/ros/foxy/share/rosidl_cmake/cmake/rosidl_generate_interfaces.cmake:226 (ament_package_xml)
[0.993s]   CMakeLists.txt:40 (rosidl_generate_interfaces)
[0.993s] 
[0.993s] 
[0.994s] -- Configuring incomplete, errors occurred!
[0.994s] See also "/root/research-1/build/mymsg/CMakeFiles/CMakeOutput.log".
[0.999s] make: *** [Makefile:1468: cmake_check_build_system] Error 1
[1.001s] Invoked command in '/root/research-1/build/mymsg' returned '2': /usr/bin/cmake --build /root/research-1/build/mymsg -- -j12 -l12
